  test1.cpp
c:\users\minji\desktop\흐린원본까지 - ft적용\project1 코드\project1\test1.cpp(42): warning C4244: '=': 'int'에서 'float'(으)로 변환하면서 데이터가 손실될 수 있습니다.
c:\users\minji\desktop\흐린원본까지 - ft적용\project1 코드\project1\test1.cpp(36): warning C4996: 'fopen': This function or variable may be unsafe. Consider using fopen_s instead. To disable deprecation, use _CRT_SECURE_NO_WARNINGS. See online help for details.
  c:\program files (x86)\windows kits\10\include\10.0.17763.0\ucrt\stdio.h(208): note: 'fopen' 선언을 참조하십시오.
c:\users\minji\desktop\흐린원본까지 - ft적용\project1 코드\project1\test1.cpp(146): warning C4244: '인수': 'float'에서 'int'(으)로 변환하면서 데이터가 손실될 수 있습니다.
c:\users\minji\desktop\흐린원본까지 - ft적용\project1 코드\project1\test1.cpp(140): warning C4996: 'fopen': This function or variable may be unsafe. Consider using fopen_s instead. To disable deprecation, use _CRT_SECURE_NO_WARNINGS. See online help for details.
  c:\program files (x86)\windows kits\10\include\10.0.17763.0\ucrt\stdio.h(208): note: 'fopen' 선언을 참조하십시오.
c:\users\minji\desktop\흐린원본까지 - ft적용\project1 코드\project1\test1.cpp(358): warning C4244: '=': 'double'에서 'float'(으)로 변환하면서 데이터가 손실될 수 있습니다.
c:\users\minji\desktop\흐린원본까지 - ft적용\project1 코드\project1\test1.cpp(363): warning C4244: '=': 'double'에서 'float'(으)로 변환하면서 데이터가 손실될 수 있습니다.
c:\users\minji\desktop\흐린원본까지 - ft적용\project1 코드\project1\test1.cpp(502): warning C4244: '=': 'double'에서 'float'(으)로 변환하면서 데이터가 손실될 수 있습니다.
c:\users\minji\desktop\흐린원본까지 - ft적용\project1 코드\project1\test1.cpp(513): warning C4244: '인수': 'float'에서 'int'(으)로 변환하면서 데이터가 손실될 수 있습니다.
c:\users\minji\desktop\흐린원본까지 - ft적용\project1 코드\project1\test1.cpp(507): warning C4996: 'fopen': This function or variable may be unsafe. Consider using fopen_s instead. To disable deprecation, use _CRT_SECURE_NO_WARNINGS. See online help for details.
  c:\program files (x86)\windows kits\10\include\10.0.17763.0\ucrt\stdio.h(208): note: 'fopen' 선언을 참조하십시오.
c:\users\minji\desktop\흐린원본까지 - ft적용\project1 코드\project1\test1.cpp(602): warning C4244: '=': 'double'에서 'float'(으)로 변환하면서 데이터가 손실될 수 있습니다.
c:\users\minji\desktop\흐린원본까지 - ft적용\project1 코드\project1\test1.cpp(637): warning C4244: '인수': 'float'에서 'int'(으)로 변환하면서 데이터가 손실될 수 있습니다.
c:\users\minji\desktop\흐린원본까지 - ft적용\project1 코드\project1\test1.cpp(630): warning C4996: 'fopen': This function or variable may be unsafe. Consider using fopen_s instead. To disable deprecation, use _CRT_SECURE_NO_WARNINGS. See online help for details.
  c:\program files (x86)\windows kits\10\include\10.0.17763.0\ucrt\stdio.h(208): note: 'fopen' 선언을 참조하십시오.
  코드를 생성하고 있습니다.
  2 of 18 functions (11.1%) were compiled, the rest were copied from previous compilation.
    0 functions were new in current compilation
    0 functions had inline decision re-evaluated but remain unchanged
  코드를 생성했습니다.
  Project1.vcxproj -> C:\Users\minji\Desktop\흐린원본까지 - FT적용\Project1 코드\Release\Project1.exe
